C:\Program Files (x86)\Microsoft Visual Studio\2019\Community\MSBuild\Microsoft\VC\v160\Microsoft.MetaGen.targets(91,5): warning : 遺漏必要的檔案 "C:\USERS\JOHN\DESKTOP\B\A - 複製\SHADER_EXAMPLE\RELEASE\HKOGLPANEL.DLL"。
C:\Program Files (x86)\Microsoft Visual Studio\2019\Community\MSBuild\Microsoft\VC\v160\Microsoft.MetaGen.targets(91,5): warning : 遺漏必要的檔案 "C:\USERS\JOHN\DESKTOP\PROJECT3_B10832021_B10932024_VER1\SHADER_EXAMPLE\RELEASE\HKOGLPANEL.DLL"。
  Common.cpp
C:\Data\1102(大二下)\電腦圖學Quiz\Project3_B10832021_B10932024_ver1\shader_example\Include\Common.cpp(151,25): warning C4018: '<': signed/unsigned 不相符
C:\Data\1102(大二下)\電腦圖學Quiz\Project3_B10832021_B10932024_ver1\shader_example\Include\Common.cpp(153,26): warning C4018: '<': signed/unsigned 不相符
  ResourcePath.cpp
  ShaderObject.cpp
  tiny_obj_loader.cpp
  ViewManager.cpp
C:\Data\1102(大二下)\電腦圖學Quiz\Project3_B10832021_B10932024_ver1\shader_example\Include\ViewManager.cpp(134,14): warning C4244: '引數': 將 'float' 轉換為 'int'，由於類型不同，可能導致資料遺失
C:\Data\1102(大二下)\電腦圖學Quiz\Project3_B10832021_B10932024_ver1\shader_example\Include\ViewManager.cpp(139,14): warning C4244: '引數': 將 'float' 轉換為 'int'，由於類型不同，可能導致資料遺失
C:\Data\1102(大二下)\電腦圖學Quiz\Project3_B10832021_B10932024_ver1\shader_example\Include\ViewManager.cpp(283,18): warning C4244: '=': 將 'int' 轉換為 'float'，由於類型不同，可能導致資料遺失
  DotNetUitilities.cpp
  DrawModelShader.cpp
  DrawPickingFaceShader.cpp
  LoadShaders.cpp
  MeshObject.cpp
C:\Data\1102(大二下)\電腦圖學Quiz\Project3_B10832021_B10932024_ver1\shader_example\shader_example\MeshObject.cpp(187,21): warning C4018: '<': signed/unsigned 不相符
C:\Data\1102(大二下)\電腦圖學Quiz\Project3_B10832021_B10932024_ver1\shader_example\shader_example\MeshObject.cpp(406,12): warning C4244: '正在初始化': 將 'double' 轉換為 'float'，由於類型不同，可能導致資料遺失
C:\Data\1102(大二下)\電腦圖學Quiz\Project3_B10832021_B10932024_ver1\shader_example\shader_example\MeshObject.cpp(409,11): warning C4244: '正在初始化': 將 'double' 轉換為 'float'，由於類型不同，可能導致資料遺失
C:\Data\1102(大二下)\電腦圖學Quiz\Project3_B10832021_B10932024_ver1\shader_example\shader_example\MeshObject.cpp(410,23): warning C4244: '=': 將 'double' 轉換為 'Scalar'，由於類型不同，可能導致資料遺失
          with
          [
              Scalar=float
          ]
C:\Data\1102(大二下)\電腦圖學Quiz\Project3_B10832021_B10932024_ver1\shader_example\shader_example\MeshObject.cpp(411,23): warning C4244: '=': 將 'double' 轉換為 'Scalar'，由於類型不同，可能導致資料遺失
          with
          [
              Scalar=float
          ]
C:\Data\1102(大二下)\電腦圖學Quiz\Project3_B10832021_B10932024_ver1\shader_example\shader_example\MeshObject.cpp(416,24): warning C4244: '=': 將 'double' 轉換為 'Scalar'，由於類型不同，可能導致資料遺失
          with
          [
              Scalar=float
          ]
C:\Data\1102(大二下)\電腦圖學Quiz\Project3_B10832021_B10932024_ver1\shader_example\shader_example\MeshObject.cpp(422,16): warning C4244: '=': 將 'double' 轉換為 'Scalar'，由於類型不同，可能導致資料遺失
          with
          [
              Scalar=float
          ]
C:\Data\1102(大二下)\電腦圖學Quiz\Project3_B10832021_B10932024_ver1\shader_example\shader_example\MeshObject.cpp(427,33): warning C4244: '=': 將 'double' 轉換為 'Scalar'，由於類型不同，可能導致資料遺失
          with
          [
              Scalar=float
          ]
C:\Data\1102(大二下)\電腦圖學Quiz\Project3_B10832021_B10932024_ver1\shader_example\shader_example\MeshObject.cpp(433,16): warning C4244: '=': 將 'double' 轉換為 'Scalar'，由於類型不同，可能導致資料遺失
          with
          [
              Scalar=float
          ]
C:\Data\1102(大二下)\電腦圖學Quiz\Project3_B10832021_B10932024_ver1\shader_example\shader_example\MeshObject.cpp(460,21): warning C4018: '<': signed/unsigned 不相符
C:\Data\1102(大二下)\電腦圖學Quiz\Project3_B10832021_B10932024_ver1\shader_example\shader_example\MeshObject.cpp(470,13): warning C4244: '=': 將 'double' 轉換為 'Scalar'，由於類型不同，可能導致資料遺失
          with
          [
              Scalar=float
          ]
C:\Data\1102(大二下)\電腦圖學Quiz\Project3_B10832021_B10932024_ver1\shader_example\shader_example\MeshObject.cpp(476,20): warning C4244: '=': 將 'double' 轉換為 'Scalar'，由於類型不同，可能導致資料遺失
          with
          [
              Scalar=float
          ]
C:\Data\1102(大二下)\電腦圖學Quiz\Project3_B10832021_B10932024_ver1\shader_example\shader_example\MeshObject.cpp(480,15): warning C4244: '=': 將 'double' 轉換為 'Scalar'，由於類型不同，可能導致資料遺失
          with
          [
              Scalar=float
          ]
C:\Data\1102(大二下)\電腦圖學Quiz\Project3_B10832021_B10932024_ver1\shader_example\shader_example\MeshObject.cpp(486,15): warning C4244: '=': 將 'double' 轉換為 'Scalar'，由於類型不同，可能導致資料遺失
          with
          [
              Scalar=float
          ]
C:\Data\1102(大二下)\電腦圖學Quiz\Project3_B10832021_B10932024_ver1\shader_example\shader_example\MeshObject.cpp(564,62): warning C4244: '引數': 將 'double' 轉換為 'const Scalar'，由於類型不同，可能導致資料遺失
          with
          [
              Scalar=float
          ]
C:\Data\1102(大二下)\電腦圖學Quiz\Project3_B10832021_B10932024_ver1\shader_example\shader_example\MeshObject.cpp(564,55): warning C4244: '引數': 將 'double' 轉換為 'const Scalar'，由於類型不同，可能導致資料遺失
          with
          [
              Scalar=float
          ]
C:\Data\1102(大二下)\電腦圖學Quiz\Project3_B10832021_B10932024_ver1\shader_example\shader_example\MeshObject.cpp(597,21): warning C4018: '<': signed/unsigned 不相符
C:\Data\1102(大二下)\電腦圖學Quiz\Project3_B10832021_B10932024_ver1\shader_example\shader_example\MeshObject.cpp(727,25): warning C4018: '<': signed/unsigned 不相符
C:\Data\1102(大二下)\電腦圖學Quiz\Project3_B10832021_B10932024_ver1\shader_example\shader_example\MeshObject.cpp(729,26): warning C4018: '<': signed/unsigned 不相符
C:\Data\1102(大二下)\電腦圖學Quiz\Project3_B10832021_B10932024_ver1\shader_example\shader_example\MeshObject.cpp(763,19): warning C4477: 'sprintf' : 格式字串 '%d' 需要 'int' 類型的引數，但 variadic 引數 1 的類型為 'OpenMesh::FaceHandle'
C:\Data\1102(大二下)\電腦圖學Quiz\Project3_B10832021_B10932024_ver1\shader_example\shader_example\MeshObject.cpp(800,21): warning C4018: '<': signed/unsigned 不相符
C:\Data\1102(大二下)\電腦圖學Quiz\Project3_B10832021_B10932024_ver1\shader_example\shader_example\MeshObject.cpp(831,20): warning C4018: '<': signed/unsigned 不相符
  MyForm.cpp
C:\Data\1102(大二下)\電腦圖學Quiz\Project3_B10832021_B10932024_ver1\shader_example\shader_example\MyForm.h(543,21): warning C4018: '<': signed/unsigned 不相符
C:\Data\1102(大二下)\電腦圖學Quiz\Project3_B10832021_B10932024_ver1\shader_example\shader_example\MyForm.h(566,21): warning C4018: '<': signed/unsigned 不相符
C:\Data\1102(大二下)\電腦圖學Quiz\Project3_B10832021_B10932024_ver1\shader_example\shader_example\MyForm.h(616,16): warning C4244: '正在初始化': 將 'double' 轉換為 'float'，由於類型不同，可能導致資料遺失
C:\Data\1102(大二下)\電腦圖學Quiz\Project3_B10832021_B10932024_ver1\shader_example\shader_example\MyForm.h(647,22): warning C4018: '<': signed/unsigned 不相符
C:\Data\1102(大二下)\電腦圖學Quiz\Project3_B10832021_B10932024_ver1\shader_example\shader_example\MyForm.h(791,22): warning C4018: '<': signed/unsigned 不相符
C:\Data\1102(大二下)\電腦圖學Quiz\Project3_B10832021_B10932024_ver1\shader_example\shader_example\MyForm.h(918,21): warning C4018: '<': signed/unsigned 不相符
C:\Data\1102(大二下)\電腦圖學Quiz\Project3_B10832021_B10932024_ver1\shader_example\shader_example\MyForm.h(942,18): warning C4101: 'tempfv': 未參考的區域變數
C:\Data\1102(大二下)\電腦圖學Quiz\Project3_B10832021_B10932024_ver1\shader_example\shader_example\MyForm.h(984,21): warning C4018: '<': signed/unsigned 不相符
C:\Data\1102(大二下)\電腦圖學Quiz\Project3_B10832021_B10932024_ver1\shader_example\shader_example\MyForm.h(987,22): warning C4018: '<': signed/unsigned 不相符
C:\Data\1102(大二下)\電腦圖學Quiz\Project3_B10832021_B10932024_ver1\shader_example\shader_example\MyForm.h(1006,22): warning C4018: '<': signed/unsigned 不相符
C:\Data\1102(大二下)\電腦圖學Quiz\Project3_B10832021_B10932024_ver1\shader_example\shader_example\MyForm.h(1014,22): warning C4018: '<': signed/unsigned 不相符
C:\Data\1102(大二下)\電腦圖學Quiz\Project3_B10832021_B10932024_ver1\shader_example\shader_example\MyForm.h(1039,27): warning C4018: '<': signed/unsigned 不相符
C:\Data\1102(大二下)\電腦圖學Quiz\Project3_B10832021_B10932024_ver1\shader_example\shader_example\MyForm.h(1042,23): warning C4018: '<': signed/unsigned 不相符
C:\Data\1102(大二下)\電腦圖學Quiz\Project3_B10832021_B10932024_ver1\shader_example\shader_example\MyForm.h(1050,23): warning C4018: '<': signed/unsigned 不相符
  object.cpp
C:\Data\1102(大二下)\電腦圖學Quiz\Project3_B10832021_B10932024_ver1\shader_example\shader_example\object.cpp(52,10): warning C4244: '正在初始化': 將 'double' 轉換為 'float'，由於類型不同，可能導致資料遺失
  PickingShader.cpp
  PickingTexture.cpp
  .NETFramework,Version=v4.5.2.AssemblyAttributes.cpp
  正在產生程式碼...
C:\Data\1102(大二下)\電腦圖學Quiz\Project3_B10832021_B10932024_ver1\shader_example\shader_example\MeshObject.cpp : warning C4793: 'OpenMesh::ArrayKernel::`vcall'{16}'': 函式會編譯成機器碼:
  	非 clrcall 的 vcall Thunk 必須編譯為原生
C:\Data\1102(大二下)\電腦圖學Quiz\Project3_B10832021_B10932024_ver1\shader_example\shader_example\MeshObject.cpp : warning C4793: 'OpenMesh::ArrayKernel::`vcall'{12}'': 函式會編譯成機器碼:
  	非 clrcall 的 vcall Thunk 必須編譯為原生
C:\Data\1102(大二下)\電腦圖學Quiz\Project3_B10832021_B10932024_ver1\shader_example\shader_example\MeshObject.cpp : warning C4793: 'OpenMesh::ArrayKernel::`vcall'{4}'': 函式會編譯成機器碼:
  	非 clrcall 的 vcall Thunk 必須編譯為原生
C:\Data\1102(大二下)\電腦圖學Quiz\Project3_B10832021_B10932024_ver1\shader_example\shader_example\MeshObject.cpp : warning C4793: 'OpenMesh::ArrayKernel::`vcall'{8}'': 函式會編譯成機器碼:
  	非 clrcall 的 vcall Thunk 必須編譯為原生
C:\Data\1102(大二下)\電腦圖學Quiz\Project3_B10832021_B10932024_ver1\shader_example\Include\Eigen\src\Core\arch\SSE\PacketMath.h(308): warning C4793: 'Eigen::internal::pload<__m128i>': 函式會編譯成機器碼:
  	找到受控碼中不支援的內建
C:\Data\1102(大二下)\電腦圖學Quiz\Project3_B10832021_B10932024_ver1\shader_example\Include\Eigen\src\Core\arch\SSE\PacketMath.h(341): warning C4793: 'Eigen::internal::ploadu<__m128i>': 函式會編譯成機器碼:
  	找到受控碼中不支援的內建
C:\Data\1102(大二下)\電腦圖學Quiz\Project3_B10832021_B10932024_ver1\shader_example\Include\Eigen\src\Core\arch\SSE\PacketMath.h(180): warning C4793: 'Eigen::internal::pset1<__m128i>': 函式會編譯成機器碼:
  	找到受控碼中不支援的內建
C:\Data\1102(大二下)\電腦圖學Quiz\Project3_B10832021_B10932024_ver1\shader_example\Include\Eigen\src\Core\arch\SSE\PacketMath.h(307): warning C4793: 'Eigen::internal::pload<__m128d>': 函式會編譯成機器碼:
  	找到受控碼中不支援的內建
C:\Data\1102(大二下)\電腦圖學Quiz\Project3_B10832021_B10932024_ver1\shader_example\Include\Eigen\src\Core\arch\SSE\PacketMath.h(336): warning C4793: 'Eigen::internal::ploadu<__m128d>': 函式會編譯成機器碼:
  	找到受控碼中不支援的內建
C:\Data\1102(大二下)\電腦圖學Quiz\Project3_B10832021_B10932024_ver1\shader_example\Include\Eigen\src\Core\arch\SSE\PacketMath.h(180): warning C4793: 'Eigen::internal::pset1<__m128i>': 函式會編譯成機器碼:
  	找到受控碼中不支援的內建
C:\Data\1102(大二下)\電腦圖學Quiz\Project3_B10832021_B10932024_ver1\shader_example\Include\Eigen\src\Core\arch\SSE\PacketMath.h(179): warning C4793: 'Eigen::internal::pset1<__m128d>': 函式會編譯成機器碼:
  	找到受控碼中不支援的內建
C:\Data\1102(大二下)\電腦圖學Quiz\Project3_B10832021_B10932024_ver1\shader_example\Include\Eigen\src\Core\arch\SSE\PacketMath.h(307): warning C4793: 'Eigen::internal::pload<__m128d>': 函式會編譯成機器碼:
  	找到受控碼中不支援的內建
C:\Data\1102(大二下)\電腦圖學Quiz\Project3_B10832021_B10932024_ver1\shader_example\Include\Eigen\src\Core\arch\SSE\PacketMath.h(336): warning C4793: 'Eigen::internal::ploadu<__m128d>': 函式會編譯成機器碼:
  	找到受控碼中不支援的內建
C:\Data\1102(大二下)\電腦圖學Quiz\Project3_B10832021_B10932024_ver1\shader_example\Include\Eigen\src\Core\arch\SSE\PacketMath.h(179): warning C4793: 'Eigen::internal::pset1<__m128d>': 函式會編譯成機器碼:
  	找到受控碼中不支援的內建
C:\Data\1102(大二下)\電腦圖學Quiz\Project3_B10832021_B10932024_ver1\shader_example\Include\Eigen\src\Core\arch\SSE\PacketMath.h(244): warning C4793: 'Eigen::internal::pdiv<__m128d>': 函式會編譯成機器碼:
  	找到受控碼中不支援的內建
C:\Data\1102(大二下)\電腦圖學Quiz\Project3_B10832021_B10932024_ver1\shader_example\Include\Eigen\src\Core\arch\SSE\PacketMath.h(307): warning C4793: 'Eigen::internal::pload<__m128d>': 函式會編譯成機器碼:
  	找到受控碼中不支援的內建
C:\Data\1102(大二下)\電腦圖學Quiz\Project3_B10832021_B10932024_ver1\shader_example\Include\Eigen\src\Core\arch\SSE\PacketMath.h(336): warning C4793: 'Eigen::internal::ploadu<__m128d>': 函式會編譯成機器碼:
  	找到受控碼中不支援的內建
C:\Data\1102(大二下)\電腦圖學Quiz\Project3_B10832021_B10932024_ver1\shader_example\Include\Eigen\src\Core\arch\SSE\PacketMath.h(307): warning C4793: 'Eigen::internal::pload<__m128d>': 函式會編譯成機器碼:
  	找到受控碼中不支援的內建
C:\Data\1102(大二下)\電腦圖學Quiz\Project3_B10832021_B10932024_ver1\shader_example\Include\Eigen\src\Core\arch\SSE\PacketMath.h(336): warning C4793: 'Eigen::internal::ploadu<__m128d>': 函式會編譯成機器碼:
  	找到受控碼中不支援的內建
C:\Data\1102(大二下)\電腦圖學Quiz\Project3_B10832021_B10932024_ver1\shader_example\Include\Eigen\src\Core\arch\SSE\PacketMath.h(226): warning C4793: 'Eigen::internal::pmul<__m128d>': 函式會編譯成機器碼:
  	找到受控碼中不支援的內建
C:\Data\1102(大二下)\電腦圖學Quiz\Project3_B10832021_B10932024_ver1\shader_example\Include\Eigen\src\Core\arch\SSE\PacketMath.h(308): warning C4793: 'Eigen::internal::pload<__m128i>': 函式會編譯成機器碼:
  	找到受控碼中不支援的內建
C:\Data\1102(大二下)\電腦圖學Quiz\Project3_B10832021_B10932024_ver1\shader_example\Include\Eigen\src\Core\arch\SSE\PacketMath.h(341): warning C4793: 'Eigen::internal::ploadu<__m128i>': 函式會編譯成機器碼:
  	找到受控碼中不支援的內建
C:\Data\1102(大二下)\電腦圖學Quiz\Project3_B10832021_B10932024_ver1\shader_example\Include\Eigen\src\Core\arch\SSE\PacketMath.h(308): warning C4793: 'Eigen::internal::pload<__m128i>': 函式會編譯成機器碼:
  	找到受控碼中不支援的內建
C:\Data\1102(大二下)\電腦圖學Quiz\Project3_B10832021_B10932024_ver1\shader_example\Include\Eigen\src\Core\arch\SSE\PacketMath.h(341): warning C4793: 'Eigen::internal::ploadu<__m128i>': 函式會編譯成機器碼:
  	找到受控碼中不支援的內建
C:\Data\1102(大二下)\電腦圖學Quiz\Project3_B10832021_B10932024_ver1\shader_example\Include\Eigen\src\Core\arch\SSE\PacketMath.h(308): warning C4793: 'Eigen::internal::pload<__m128i>': 函式會編譯成機器碼:
  	找到受控碼中不支援的內建
C:\Data\1102(大二下)\電腦圖學Quiz\Project3_B10832021_B10932024_ver1\shader_example\Include\Eigen\src\Core\arch\SSE\PacketMath.h(341): warning C4793: 'Eigen::internal::ploadu<__m128i>': 函式會編譯成機器碼:
  	找到受控碼中不支援的內建
C:\Data\1102(大二下)\電腦圖學Quiz\Project3_B10832021_B10932024_ver1\shader_example\Include\Eigen\src\Core\arch\SSE\PacketMath.h(200): warning C4793: 'Eigen::internal::padd<__m128i>': 函式會編譯成機器碼:
  	找到受控碼中不支援的內建
C:\Data\1102(大二下)\電腦圖學Quiz\Project3_B10832021_B10932024_ver1\shader_example\Include\Eigen\src\Core\arch\SSE\PacketMath.h(308): warning C4793: 'Eigen::internal::pload<__m128i>': 函式會編譯成機器碼:
  	找到受控碼中不支援的內建
C:\Data\1102(大二下)\電腦圖學Quiz\Project3_B10832021_B10932024_ver1\shader_example\Include\Eigen\src\Core\arch\SSE\PacketMath.h(341): warning C4793: 'Eigen::internal::ploadu<__m128i>': 函式會編譯成機器碼:
  	找到受控碼中不支援的內建
C:\Data\1102(大二下)\電腦圖學Quiz\Project3_B10832021_B10932024_ver1\shader_example\Include\Eigen\src\Core\arch\SSE\PacketMath.h(200): warning C4793: 'Eigen::internal::padd<__m128i>': 函式會編譯成機器碼:
  	找到受控碼中不支援的內建
C:\Data\1102(大二下)\電腦圖學Quiz\Project3_B10832021_B10932024_ver1\shader_example\Include\Eigen\src\Core\arch\SSE\PacketMath.h(200): warning C4793: 'Eigen::internal::padd<__m128i>': 函式會編譯成機器碼:
  	找到受控碼中不支援的內建
C:\Data\1102(大二下)\電腦圖學Quiz\Project3_B10832021_B10932024_ver1\shader_example\Include\Eigen\src\Core\arch\SSE\PacketMath.h(308): warning C4793: 'Eigen::internal::pload<__m128i>': 函式會編譯成機器碼:
  	找到受控碼中不支援的內建
C:\Data\1102(大二下)\電腦圖學Quiz\Project3_B10832021_B10932024_ver1\shader_example\Include\Eigen\src\Core\arch\SSE\PacketMath.h(341): warning C4793: 'Eigen::internal::ploadu<__m128i>': 函式會編譯成機器碼:
  	找到受控碼中不支援的內建
C:\Data\1102(大二下)\電腦圖學Quiz\Project3_B10832021_B10932024_ver1\shader_example\Include\Eigen\src\Core\arch\SSE\PacketMath.h(200): warning C4793: 'Eigen::internal::padd<__m128i>': 函式會編譯成機器碼:
  	找到受控碼中不支援的內建
C:\Data\1102(大二下)\電腦圖學Quiz\Project3_B10832021_B10932024_ver1\shader_example\Include\Eigen\src\Core\arch\SSE\PacketMath.h(308): warning C4793: 'Eigen::internal::pload<__m128i>': 函式會編譯成機器碼:
  	找到受控碼中不支援的內建
C:\Data\1102(大二下)\電腦圖學Quiz\Project3_B10832021_B10932024_ver1\shader_example\Include\Eigen\src\Core\arch\SSE\PacketMath.h(341): warning C4793: 'Eigen::internal::ploadu<__m128i>': 函式會編譯成機器碼:
  	找到受控碼中不支援的內建
C:\Data\1102(大二下)\電腦圖學Quiz\Project3_B10832021_B10932024_ver1\shader_example\Include\Eigen\src\Core\arch\SSE\PacketMath.h(308): warning C4793: 'Eigen::internal::pload<__m128i>': 函式會編譯成機器碼:
  	找到受控碼中不支援的內建
C:\Data\1102(大二下)\電腦圖學Quiz\Project3_B10832021_B10932024_ver1\shader_example\Include\Eigen\src\Core\arch\SSE\PacketMath.h(341): warning C4793: 'Eigen::internal::ploadu<__m128i>': 函式會編譯成機器碼:
  	找到受控碼中不支援的內建
C:\Data\1102(大二下)\電腦圖學Quiz\Project3_B10832021_B10932024_ver1\shader_example\Include\Eigen\src\Core\arch\SSE\PacketMath.h(308): warning C4793: 'Eigen::internal::pload<__m128i>': 函式會編譯成機器碼:
  	找到受控碼中不支援的內建
C:\Data\1102(大二下)\電腦圖學Quiz\Project3_B10832021_B10932024_ver1\shader_example\Include\Eigen\src\Core\arch\SSE\PacketMath.h(341): warning C4793: 'Eigen::internal::ploadu<__m128i>': 函式會編譯成機器碼:
  	找到受控碼中不支援的內建
C:\Data\1102(大二下)\電腦圖學Quiz\Project3_B10832021_B10932024_ver1\shader_example\Include\Eigen\src\Core\arch\SSE\PacketMath.h(200): warning C4793: 'Eigen::internal::padd<__m128i>': 函式會編譯成機器碼:
  	找到受控碼中不支援的內建
C:\Data\1102(大二下)\電腦圖學Quiz\Project3_B10832021_B10932024_ver1\shader_example\Include\Eigen\src\Core\arch\SSE\PacketMath.h(308): warning C4793: 'Eigen::internal::pload<__m128i>': 函式會編譯成機器碼:
  	找到受控碼中不支援的內建
C:\Data\1102(大二下)\電腦圖學Quiz\Project3_B10832021_B10932024_ver1\shader_example\Include\Eigen\src\Core\arch\SSE\PacketMath.h(341): warning C4793: 'Eigen::internal::ploadu<__m128i>': 函式會編譯成機器碼:
  	找到受控碼中不支援的內建
C:\Data\1102(大二下)\電腦圖學Quiz\Project3_B10832021_B10932024_ver1\shader_example\Include\Eigen\src\Core\arch\SSE\PacketMath.h(200): warning C4793: 'Eigen::internal::padd<__m128i>': 函式會編譯成機器碼:
  	找到受控碼中不支援的內建
C:\Data\1102(大二下)\電腦圖學Quiz\Project3_B10832021_B10932024_ver1\shader_example\Include\Eigen\src\Core\arch\SSE\PacketMath.h(200): warning C4793: 'Eigen::internal::padd<__m128i>': 函式會編譯成機器碼:
  	找到受控碼中不支援的內建
C:\Data\1102(大二下)\電腦圖學Quiz\Project3_B10832021_B10932024_ver1\shader_example\Include\Eigen\src\Core\arch\SSE\PacketMath.h(308): warning C4793: 'Eigen::internal::pload<__m128i>': 函式會編譯成機器碼:
  	找到受控碼中不支援的內建
C:\Data\1102(大二下)\電腦圖學Quiz\Project3_B10832021_B10932024_ver1\shader_example\Include\Eigen\src\Core\arch\SSE\PacketMath.h(341): warning C4793: 'Eigen::internal::ploadu<__m128i>': 函式會編譯成機器碼:
  	找到受控碼中不支援的內建
C:\Data\1102(大二下)\電腦圖學Quiz\Project3_B10832021_B10932024_ver1\shader_example\Include\Eigen\src\Core\arch\SSE\PacketMath.h(200): warning C4793: 'Eigen::internal::padd<__m128i>': 函式會編譯成機器碼:
  	找到受控碼中不支援的內建
C:\Data\1102(大二下)\電腦圖學Quiz\Project3_B10832021_B10932024_ver1\shader_example\Include\Eigen\src\Core\arch\SSE\PacketMath.h(360): warning C4793: 'Eigen::internal::pstore<int,__m128i>': 函式會編譯成機器碼:
  	找到受控碼中不支援的內建
C:\Data\1102(大二下)\電腦圖學Quiz\Project3_B10832021_B10932024_ver1\shader_example\Include\Eigen\src\Core\arch\SSE\PacketMath.h(359): warning C4793: 'Eigen::internal::pstore<double,__m128d>': 函式會編譯成機器碼:
  	找到受控碼中不支援的內建
C:\Data\1102(大二下)\電腦圖學Quiz\Project3_B10832021_B10932024_ver1\shader_example\Include\Eigen\src\Core\arch\SSE\PacketMath.h(308): warning C4793: 'Eigen::internal::pload<__m128i>': 函式會編譯成機器碼:
  	找到受控碼中不支援的內建
C:\Data\1102(大二下)\電腦圖學Quiz\Project3_B10832021_B10932024_ver1\shader_example\Include\Eigen\src\Core\arch\SSE\PacketMath.h(341): warning C4793: 'Eigen::internal::ploadu<__m128i>': 函式會編譯成機器碼:
  	找到受控碼中不支援的內建
C:\Data\1102(大二下)\電腦圖學Quiz\Project3_B10832021_B10932024_ver1\shader_example\Include\Eigen\src\Core\arch\SSE\PacketMath.h(571): warning C4793: 'Eigen::internal::predux<__m128i>': 函式會編譯成機器碼:
  	找到受控碼中不支援的內建
C:\Data\1102(大二下)\電腦圖學Quiz\Project3_B10832021_B10932024_ver1\shader_example\Include\Eigen\src\Core\arch\SSE\PacketMath.h(571): warning C4793: 'Eigen::internal::predux<__m128i>': 函式會編譯成機器碼:
  	找到受控碼中不支援的內建
C:\Data\1102(大二下)\電腦圖學Quiz\Project3_B10832021_B10932024_ver1\shader_example\Include\Eigen\src\Core\arch\SSE\PacketMath.h(572): warning C4793: 'Eigen::internal::predux<__m128i>': 函式會編譯成機器碼:
  	找到受控碼中不支援的內建
C:\Data\1102(大二下)\電腦圖學Quiz\Project3_B10832021_B10932024_ver1\shader_example\Include\Eigen\src\Core\arch\SSE\PacketMath.h(428): warning C4793: 'Eigen::internal::pfirst<__m128i>': 函式會編譯成機器碼:
  	找到受控碼中不支援的內建
C:\Data\1102(大二下)\電腦圖學Quiz\Project3_B10832021_B10932024_ver1\shader_example\Include\Eigen\src\Core\arch\SSE\PacketMath.h(428): warning C4793: 'Eigen::internal::pfirst<__m128i>': 函式會編譯成機器碼:
  	找到受控碼中不支援的內建
C:\Data\1102(大二下)\電腦圖學Quiz\Project3_B10832021_B10932024_ver1\shader_example\Include\Eigen\src\Core\arch\SSE\PacketMath.h(308): warning C4793: 'Eigen::internal::pload<__m128i>': 函式會編譯成機器碼:
  	找到受控碼中不支援的內建
C:\Data\1102(大二下)\電腦圖學Quiz\Project3_B10832021_B10932024_ver1\shader_example\Include\Eigen\src\Core\arch\SSE\PacketMath.h(341): warning C4793: 'Eigen::internal::ploadu<__m128i>': 函式會編譯成機器碼:
  	找到受控碼中不支援的內建
  shader_example.vcxproj -> C:\Data\1102(大二下)\電腦圖學Quiz\Project3_B10832021_B10932024_ver1\shader_example\Release\shader_example.exe
